2025-04-26 15:51:01,527 - SecurityToolsIntegration - INFO - Registered security tool: OwaspZAP
2025-04-26 15:51:01,527 - SecurityToolsIntegration - INFO - Registered security tool: NiktoScanner
2025-04-26 15:51:01,527 - SecurityToolsIntegration - INFO - Registered security tool: W3afScanner
2025-04-26 15:51:01,527 - SecurityToolsIntegration - INFO - Registered security tool: NmapScanner
2025-04-26 15:51:01,527 - SecurityToolsIntegration - INFO - Registered security tool: WiresharkAnalyzer
2025-04-26 15:51:01,527 - SecurityToolsIntegration - INFO - Registered security tool: TCPDumpAnalyzer
2025-04-26 15:51:01,528 - SecurityToolsIntegration - INFO - Registered security tool: SQLMapTool
2025-04-26 15:51:01,528 - SecurityToolsIntegration - INFO - Registered security tool: XSSerTool
2025-04-26 15:51:01,528 - SecurityToolsIntegration - INFO - Registered security tool: MetasploitFramework
2025-04-26 15:51:01,528 - SecurityToolsIntegration - INFO - Registered security tool: BeEFFramework
2025-04-26 16:26:00,177 - SecurityToolsIntegration - INFO - Registered security tool: OwaspZAP
2025-04-26 16:26:00,177 - SecurityToolsIntegration - INFO - Registered security tool: NiktoScanner
2025-04-26 16:26:00,177 - SecurityToolsIntegration - INFO - Registered security tool: W3afScanner
2025-04-26 16:26:00,177 - SecurityToolsIntegration - INFO - Registered security tool: NmapScanner
2025-04-26 16:26:00,177 - SecurityToolsIntegration - INFO - Registered security tool: WiresharkAnalyzer
2025-04-26 16:26:00,177 - SecurityToolsIntegration - INFO - Registered security tool: TCPDumpAnalyzer
2025-04-26 16:26:00,177 - SecurityToolsIntegration - INFO - Registered security tool: SQLMapTool
2025-04-26 16:26:00,177 - SecurityToolsIntegration - INFO - Registered security tool: XSSerTool
2025-04-26 16:26:00,177 - SecurityToolsIntegration - INFO - Registered security tool: MetasploitFramework
2025-04-26 16:26:00,177 - SecurityToolsIntegration - INFO - Registered security tool: BeEFFramework
2025-04-26 16:26:10,518 - SecurityToolsIntegration - INFO - Registered security tool: OwaspZAP
2025-04-26 16:26:10,518 - SecurityToolsIntegration - INFO - Registered security tool: NiktoScanner
2025-04-26 16:26:10,518 - SecurityToolsIntegration - INFO - Registered security tool: W3afScanner
2025-04-26 16:26:10,518 - SecurityToolsIntegration - INFO - Registered security tool: NmapScanner
2025-04-26 16:26:10,519 - SecurityToolsIntegration - INFO - Registered security tool: WiresharkAnalyzer
2025-04-26 16:26:10,519 - SecurityToolsIntegration - INFO - Registered security tool: TCPDumpAnalyzer
2025-04-26 16:26:10,519 - SecurityToolsIntegration - INFO - Registered security tool: SQLMapTool
2025-04-26 16:26:10,519 - SecurityToolsIntegration - INFO - Registered security tool: XSSerTool
2025-04-26 16:26:10,519 - SecurityToolsIntegration - INFO - Registered security tool: MetasploitFramework
2025-04-26 16:26:10,519 - SecurityToolsIntegration - INFO - Registered security tool: BeEFFramework
2025-04-26 16:26:19,642 - SecurityToolsIntegration - INFO - Registered security tool: OwaspZAP
2025-04-26 16:26:19,642 - SecurityToolsIntegration - INFO - Registered security tool: NiktoScanner
2025-04-26 16:26:19,642 - SecurityToolsIntegration - INFO - Registered security tool: W3afScanner
2025-04-26 16:26:19,642 - SecurityToolsIntegration - INFO - Registered security tool: NmapScanner
2025-04-26 16:26:19,642 - SecurityToolsIntegration - INFO - Registered security tool: WiresharkAnalyzer
2025-04-26 16:26:19,643 - SecurityToolsIntegration - INFO - Registered security tool: TCPDumpAnalyzer
2025-04-26 16:26:19,643 - SecurityToolsIntegration - INFO - Registered security tool: SQLMapTool
2025-04-26 16:26:19,643 - SecurityToolsIntegration - INFO - Registered security tool: XSSerTool
2025-04-26 16:26:19,643 - SecurityToolsIntegration - INFO - Registered security tool: MetasploitFramework
2025-04-26 16:26:19,643 - SecurityToolsIntegration - INFO - Registered security tool: BeEFFramework
2025-04-26 16:27:16,041 - SecurityToolsIntegration - INFO - Registered security tool: OwaspZAP
2025-04-26 16:27:16,041 - SecurityToolsIntegration - INFO - Registered security tool: NiktoScanner
2025-04-26 16:27:16,041 - SecurityToolsIntegration - INFO - Registered security tool: W3afScanner
2025-04-26 16:27:16,041 - SecurityToolsIntegration - INFO - Registered security tool: NmapScanner
2025-04-26 16:27:16,041 - SecurityToolsIntegration - INFO - Registered security tool: WiresharkAnalyzer
2025-04-26 16:27:16,048 - SecurityToolsIntegration - INFO - Registered security tool: TCPDumpAnalyzer
2025-04-26 16:27:16,049 - SecurityToolsIntegration - INFO - Registered security tool: SQLMapTool
2025-04-26 16:27:16,049 - SecurityToolsIntegration - INFO - Registered security tool: XSSerTool
2025-04-26 16:27:16,049 - SecurityToolsIntegration - INFO - Registered security tool: MetasploitFramework
2025-04-26 16:27:16,049 - SecurityToolsIntegration - INFO - Registered security tool: BeEFFramework
2025-04-26 16:27:16,083 - SecurityToolsIntegration - INFO - Running Nmap scan against 127.0.0.1 with arguments: -sV -sC -O
