2025-04-26 16:06:33,680 - SecurityToolsIntegration - INFO - Registered security tool: OwaspZAP
2025-04-26 16:06:33,681 - SecurityToolsIntegration - INFO - Registered security tool: NiktoScanner
2025-04-26 16:06:33,681 - SecurityToolsIntegration - INFO - Registered security tool: W3afScanner
2025-04-26 16:06:33,681 - SecurityToolsIntegration - INFO - Registered security tool: NmapScanner
2025-04-26 16:06:33,681 - SecurityToolsIntegration - INFO - Registered security tool: WiresharkAnalyzer
2025-04-26 16:06:33,681 - SecurityToolsIntegration - INFO - Registered security tool: TCPDumpAnalyzer
2025-04-26 16:06:33,682 - SecurityToolsIntegration - INFO - Registered security tool: SQLMapTool
2025-04-26 16:06:33,682 - SecurityToolsIntegration - INFO - Registered security tool: XSSerTool
2025-04-26 16:06:33,682 - SecurityToolsIntegration - INFO - Registered security tool: MetasploitFramework
2025-04-26 16:06:33,682 - SecurityToolsIntegration - INFO - Registered security tool: BeEFFramework
2025-04-26 16:25:45,658 - SecurityToolsIntegration - INFO - Registered security tool: OwaspZAP
2025-04-26 16:25:45,658 - SecurityToolsIntegration - INFO - Registered security tool: NiktoScanner
2025-04-26 16:25:45,658 - SecurityToolsIntegration - INFO - Registered security tool: W3afScanner
2025-04-26 16:25:45,658 - SecurityToolsIntegration - INFO - Registered security tool: NmapScanner
2025-04-26 16:25:45,658 - SecurityToolsIntegration - INFO - Registered security tool: WiresharkAnalyzer
2025-04-26 16:25:45,658 - SecurityToolsIntegration - INFO - Registered security tool: TCPDumpAnalyzer
2025-04-26 16:25:45,658 - SecurityToolsIntegration - INFO - Registered security tool: SQLMapTool
2025-04-26 16:25:45,658 - SecurityToolsIntegration - INFO - Registered security tool: XSSerTool
2025-04-26 16:25:45,658 - SecurityToolsIntegration - INFO - Registered security tool: MetasploitFramework
2025-04-26 16:25:45,658 - SecurityToolsIntegration - INFO - Registered security tool: BeEFFramework
2025-04-26 16:25:52,307 - SecurityToolsIntegration - INFO - Registered security tool: OwaspZAP
2025-04-26 16:25:52,307 - SecurityToolsIntegration - INFO - Registered security tool: NiktoScanner
2025-04-26 16:25:52,307 - SecurityToolsIntegration - INFO - Registered security tool: W3afScanner
2025-04-26 16:25:52,307 - SecurityToolsIntegration - INFO - Registered security tool: NmapScanner
2025-04-26 16:25:52,307 - SecurityToolsIntegration - INFO - Registered security tool: WiresharkAnalyzer
2025-04-26 16:25:52,307 - SecurityToolsIntegration - INFO - Registered security tool: TCPDumpAnalyzer
2025-04-26 16:25:52,308 - SecurityToolsIntegration - INFO - Registered security tool: SQLMapTool
2025-04-26 16:25:52,308 - SecurityToolsIntegration - INFO - Registered security tool: XSSerTool
2025-04-26 16:25:52,308 - SecurityToolsIntegration - INFO - Registered security tool: MetasploitFramework
2025-04-26 16:25:52,308 - SecurityToolsIntegration - INFO - Registered security tool: BeEFFramework
2025-04-26 16:26:39,686 - SecurityToolsIntegration - INFO - Registered security tool: OwaspZAP
2025-04-26 16:26:39,686 - SecurityToolsIntegration - INFO - Registered security tool: NiktoScanner
2025-04-26 16:26:39,686 - SecurityToolsIntegration - INFO - Registered security tool: W3afScanner
2025-04-26 16:26:39,686 - SecurityToolsIntegration - INFO - Registered security tool: NmapScanner
2025-04-26 16:26:39,686 - SecurityToolsIntegration - INFO - Registered security tool: WiresharkAnalyzer
2025-04-26 16:26:39,686 - SecurityToolsIntegration - INFO - Registered security tool: TCPDumpAnalyzer
2025-04-26 16:26:39,686 - SecurityToolsIntegration - INFO - Registered security tool: SQLMapTool
2025-04-26 16:26:39,686 - SecurityToolsIntegration - INFO - Registered security tool: XSSerTool
2025-04-26 16:26:39,686 - SecurityToolsIntegration - INFO - Registered security tool: MetasploitFramework
2025-04-26 16:26:39,686 - SecurityToolsIntegration - INFO - Registered security tool: BeEFFramework
2025-04-26 16:26:39,691 - StandaloneSecurityTools - INFO - Created 10 standalone tool modules in standalone_tools/
